<?xml version="1.0" encoding="UTF-8"?>
<!-- Generated by org.testng.reporters.JUnitXMLReporter -->
<testsuite ignored="0" hostname="DESKTOP-8D03G2C" failures="0" tests="6" name="Surefire test" time="0.156" errors="0" timestamp="2021-07-25T16:41:29 PET">
  <testcase classname="SkyalertTest" name="removeObserver on removeObserver(SkyalertTest)" time="0.035"/>
  <testcase classname="SkyalertTest" name="addObserver on addObserver(SkyalertTest)" time="0.033"/>
  <testcase classname="SkyalertTest" name="main on main(SkyalertTest)" time="0.056"/>
  <testcase classname="SkyalertTest" name="findMatch on findMatch(SkyalertTest)" time="0.059"/>
  <testcase classname="SkyalertTest" name="cantFindMatch on cantFindMatch(SkyalertTest)" time="0.058"/>
  <testcase classname="SkyalertTest" name="addAerolinea on addAerolinea(SkyalertTest)" time="0.058"/>
</testsuite> <!-- Surefire test -->
