<?xml version="1.0" encoding="UTF-8"?>
<!-- Generated by org.testng.reporters.JUnitXMLReporter -->
<testsuite ignored="0" hostname="DESKTOP-8D03G2C" failures="0" tests="5" name="Surefire test" time="0.162" errors="0" timestamp="2021-07-25T16:25:08 PET">
  <testcase classname="SkyalertTest" name="removeObserver on removeObserver(SkyalertTest)" time="0.038"/>
  <testcase classname="SkyalertTest" name="addObserver on addObserver(SkyalertTest)" time="0.036"/>
  <testcase classname="SkyalertTest" name="findMatch on findMatch(SkyalertTest)" time="0.067"/>
  <testcase classname="SkyalertTest" name="cantFindMatch on cantFindMatch(SkyalertTest)" time="0.068"/>
  <testcase classname="SkyalertTest" name="addAerolinea on addAerolinea(SkyalertTest)" time="0.068"/>
</testsuite> <!-- Surefire test -->
