<?xml version="1.0" encoding="UTF-8"?>
<testsuite xmlns:xsi="http://www.w3.org/2001/XMLSchema-instance" xsi:noNamespaceSchemaLocation="https://maven.apache.org/surefire/maven-surefire-plugin/xsd/surefire-test-report.xsd" name="SkyalertTest" time="0.81" tests="5" errors="0" skipped="0" failures="0">
  <properties>
[...]
</properties>
  <testcase name="removeObserver on removeObserver(SkyalertTest)" classname="SkyalertTest" time="0.014"/>
  <testcase name="addObserver on addObserver(SkyalertTest)" classname="SkyalertTest" time="0"/>
  <testcase name="findMatch on findMatch(SkyalertTest)" classname="SkyalertTest" time="0.051"/>
  <testcase name="cantFindMatch on cantFindMatch(SkyalertTest)" classname="SkyalertTest" time="0"/>
  <testcase name="addAerolinea on addAerolinea(SkyalertTest)" classname="SkyalertTest" time="0"/>
</testsuite>